# JRE version: Java(TM) SE Runtime Environment (8.0_131-b11) (build 1.8.0_131-b11)
# Java VM: Java HotSpot(TM) 64-Bit Server VM (25.131-b11 mixed mode windows-amd64 compressed oops)
Heap:
 PSYoungGen      total 271872K, used 255326K [0x000000076b400000, 0x000000077f280000, 0x00000007c0000000)
  eden space 261120K, 97% used [0x000000076b400000,0x000000077ad578b0,0x000000077b300000)
  from space 10752K, 0% used [0x000000077b300000,0x000000077b300000,0x000000077bd80000)
  to   space 15872K, 0% used [0x000000077e300000,0x000000077e300000,0x000000077f280000)
 ParOldGen       total 184320K, used 23669K [0x00000006c1c00000, 0x00000006cd000000, 0x000000076b400000)
  object space 184320K, 12% used [0x00000006c1c00000,0x00000006c331d690,0x00000006cd000000)
 Metaspace       used 46273K, capacity 48790K, committed 49024K, reserved 1091584K
  class space    used 6228K, capacity 6694K, committed 6784K, reserved 1048576K
GC Heap History (10 events):
Event: 2.713 GC heap before
{Heap before GC invocations=3 (full 0):
 PSYoungGen      total 141824K, used 74889K [0x000000076b400000, 0x0000000774900000, 0x00000007c0000000)
  eden space 131072K, 51% used [0x000000076b400000,0x000000076f56fd20,0x0000000773400000)
  from space 10752K, 73% used [0x0000000773e80000,0x0000000774632a80,0x0000000774900000)
  to   space 10752K, 0% used [0x0000000773400000,0x0000000773400000,0x0000000773e80000)
 ParOldGen       total 175104K, used 24K [0x00000006c1c00000, 0x00000006cc700000, 0x000000076b400000)
  object space 175104K, 0% used [0x00000006c1c00000,0x00000006c1c06000,0x00000006cc700000)
 Metaspace       used 20563K, capacity 21208K, committed 21296K, reserved 1067008K
  class space    used 2714K, capacity 2903K, committed 2944K, reserved 1048576K
Event: 2.725 GC heap after
Heap after GC invocations=3 (full 0):
 PSYoungGen      total 141824K, used 10739K [0x000000076b400000, 0x000000077c900000, 0x00000007c0000000)
  eden space 131072K, 0% used [0x000000076b400000,0x000000076b400000,0x0000000773400000)
  from space 10752K, 99% used [0x0000000773400000,0x0000000773e7ccd0,0x0000000773e80000)
  to   space 10752K, 0% used [0x000000077be80000,0x000000077be80000,0x000000077c900000)
 ParOldGen       total 175104K, used 1338K [0x00000006c1c00000, 0x00000006cc700000, 0x000000076b400000)
  object space 175104K, 0% used [0x00000006c1c00000,0x00000006c1d4ebe8,0x00000006cc700000)
 Metaspace       used 20563K, capacity 21208K, committed 21296K, reserved 1067008K
  class space    used 2714K, capacity 2903K, committed 2944K, reserved 1048576K
}
Event: 2.725 GC heap before
{Heap before GC invocations=4 (full 1):
 PSYoungGen      total 141824K, used 10739K [0x000000076b400000, 0x000000077c900000, 0x00000007c0000000)
  eden space 131072K, 0% used [0x000000076b400000,0x000000076b400000,0x0000000773400000)
  from space 10752K, 99% used [0x0000000773400000,0x0000000773e7ccd0,0x0000000773e80000)
  to   space 10752K, 0% used [0x000000077be80000,0x000000077be80000,0x000000077c900000)
 ParOldGen       total 175104K, used 1338K [0x00000006c1c00000, 0x00000006cc700000, 0x000000076b400000)
  object space 175104K, 0% used [0x00000006c1c00000,0x00000006c1d4ebe8,0x00000006cc700000)
 Metaspace       used 20563K, capacity 21208K, committed 21296K, reserved 1067008K
  class space    used 2714K, capacity 2903K, committed 2944K, reserved 1048576K
Event: 2.771 GC heap after
Heap after GC invocations=4 (full 1):
 PSYoungGen      total 141824K, used 0K [0x000000076b400000, 0x000000077c900000, 0x00000007c0000000)
  eden space 131072K, 0% used [0x000000076b400000,0x000000076b400000,0x0000000773400000)
  from space 10752K, 0% used [0x0000000773400000,0x0000000773400000,0x0000000773e80000)
  to   space 10752K, 0% used [0x000000077be80000,0x000000077be80000,0x000000077c900000)
 ParOldGen       total 109056K, used 11668K [0x00000006c1c00000, 0x00000006c8680000, 0x000000076b400000)
  object space 109056K, 10% used [0x00000006c1c00000,0x00000006c2765340,0x00000006c8680000)
 Metaspace       used 20561K, capacity 21202K, committed 21296K, reserved 1067008K
  class space    used 2713K, capacity 2902K, committed 2944K, reserved 1048576K
}
Event: 3.729 GC heap before
{Heap before GC invocations=5 (full 1):
 PSYoungGen      total 141824K, used 131072K [0x000000076b400000, 0x000000077c900000, 0x00000007c0000000)
  eden space 131072K, 100% used [0x000000076b400000,0x0000000773400000,0x0000000773400000)
  from space 10752K, 0% used [0x0000000773400000,0x0000000773400000,0x0000000773e80000)
  to   space 10752K, 0% used [0x000000077be80000,0x000000077be80000,0x000000077c900000)
 ParOldGen       total 109056K, used 11668K [0x00000006c1c00000, 0x00000006c8680000, 0x000000076b400000)
  object space 109056K, 10% used [0x00000006c1c00000,0x00000006c2765340,0x00000006c8680000)
 Metaspace       used 26234K, capacity 27216K, committed 27264K, reserved 1073152K
  class space    used 3447K, capacity 3678K, committed 3712K, reserved 1048576K
Event: 3.741 GC heap after
Heap after GC invocations=5 (full 1):
 PSYoungGen      total 208384K, used 9397K [0x000000076b400000, 0x000000077c800000, 0x00000007c0000000)
  eden space 198656K, 0% used [0x000000076b400000,0x000000076b400000,0x0000000777600000)
  from space 9728K, 96% used [0x000000077be80000,0x000000077c7ad410,0x000000077c800000)
  to   space 10752K, 0% used [0x000000077b300000,0x000000077b300000,0x000000077bd80000)
 ParOldGen       total 109056K, used 11740K [0x00000006c1c00000, 0x00000006c8680000, 0x000000076b400000)
  object space 109056K, 10% used [0x00000006c1c00000,0x00000006c2777350,0x00000006c8680000)
 Metaspace       used 26234K, capacity 27216K, committed 27264K, reserved 1073152K
  class space    used 3447K, capacity 3678K, committed 3712K, reserved 1048576K
}
Event: 5.419 GC heap before
{Heap before GC invocations=6 (full 1):
 PSYoungGen      total 208384K, used 161176K [0x000000076b400000, 0x000000077c800000, 0x00000007c0000000)
  eden space 198656K, 76% used [0x000000076b400000,0x0000000774838e30,0x0000000777600000)
  from space 9728K, 96% used [0x000000077be80000,0x000000077c7ad410,0x000000077c800000)
  to   space 10752K, 0% used [0x000000077b300000,0x000000077b300000,0x000000077bd80000)
 ParOldGen       total 109056K, used 11740K [0x00000006c1c00000, 0x00000006c8680000, 0x000000076b400000)
  object space 109056K, 10% used [0x00000006c1c00000,0x00000006c2777350,0x00000006c8680000)
 Metaspace       used 33990K, capacity 35446K, committed 35496K, reserved 1079296K
  class space    used 4573K, capacity 4857K, committed 4864K, reserved 1048576K
Event: 5.435 GC heap after
Heap after GC invocations=6 (full 1):
 PSYoungGen      total 271872K, used 10737K [0x000000076b400000, 0x000000077f280000, 0x00000007c0000000)
  eden space 261120K, 0% used [0x000000076b400000,0x000000076b400000,0x000000077b300000)
  from space 10752K, 99% used [0x000000077b300000,0x000000077bd7c608,0x000000077bd80000)
  to   space 15872K, 0% used [0x000000077e300000,0x000000077e300000,0x000000077f280000)
 ParOldGen       total 109056K, used 16665K [0x00000006c1c00000, 0x00000006c8680000, 0x000000076b400000)
  object space 109056K, 15% used [0x00000006c1c00000,0x00000006c2c465d8,0x00000006c8680000)
 Metaspace       used 33990K, capacity 35446K, committed 35496K, reserved 1079296K
  class space    used 4573K, capacity 4857K, committed 4864K, reserved 1048576K
}
Event: 5.435 GC heap before
{Heap before GC invocations=7 (full 2):
 PSYoungGen      total 271872K, used 10737K [0x000000076b400000, 0x000000077f280000, 0x00000007c0000000)
  eden space 261120K, 0% used [0x000000076b400000,0x000000076b400000,0x000000077b300000)
  from space 10752K, 99% used [0x000000077b300000,0x000000077bd7c608,0x000000077bd80000)
  to   space 15872K, 0% used [0x000000077e300000,0x000000077e300000,0x000000077f280000)
 ParOldGen       total 109056K, used 16665K [0x00000006c1c00000, 0x00000006c8680000, 0x000000076b400000)
  object space 109056K, 15% used [0x00000006c1c00000,0x00000006c2c465d8,0x00000006c8680000)
 Metaspace       used 33990K, capacity 35446K, committed 35496K, reserved 1079296K
  class space    used 4573K, capacity 4857K, committed 4864K, reserved 1048576K
Event: 5.536 GC heap after
Heap after GC invocations=7 (full 2):
 PSYoungGen      total 271872K, used 0K [0x000000076b400000, 0x000000077f280000, 0x00000007c0000000)
  eden space 261120K, 0% used [0x000000076b400000,0x000000076b400000,0x000000077b300000)
  from space 10752K, 0% used [0x000000077b300000,0x000000077b300000,0x000000077bd80000)
  to   space 15872K, 0% used [0x000000077e300000,0x000000077e300000,0x000000077f280000)
 ParOldGen       total 184320K, used 23669K [0x00000006c1c00000, 0x00000006cd000000, 0x000000076b400000)
  object space 184320K, 12% used [0x00000006c1c00000,0x00000006c331d690,0x00000006cd000000)
 Metaspace       used 33990K, capacity 35446K, committed 35496K, reserved 1079296K
  class space    used 4573K, capacity 4857K, committed 4864K, reserved 1048576K
}

